\BOOKMARK [0][-]{chapter.1}{\376\377\000L\000i\000s\000t\000e\000\040\000d\000e\000s\000\040\000c\000h\000o\000s\000e\000s\000\040\000\340\000\040\000f\000a\000i\000r\000e}{}% 1
\BOOKMARK [0][-]{chapter.2}{\376\377\000I\000n\000d\000e\000x\000\040\000d\000e\000s\000\040\000e\000s\000p\000a\000c\000e\000s\000\040\000d\000e\000\040\000n\000o\000m\000m\000a\000g\000e}{}% 2
\BOOKMARK [1][-]{section.2.1}{\376\377\000L\000i\000s\000t\000e\000\040\000d\000e\000s\000\040\000e\000s\000p\000a\000c\000e\000s\000\040\000d\000e\000\040\000n\000o\000m\000m\000a\000g\000e}{chapter.2}% 3
\BOOKMARK [0][-]{chapter.3}{\376\377\000I\000n\000d\000e\000x\000\040\000d\000e\000s\000\040\000f\000i\000c\000h\000i\000e\000r\000s}{}% 4
\BOOKMARK [1][-]{section.3.1}{\376\377\000L\000i\000s\000t\000e\000\040\000d\000e\000s\000\040\000f\000i\000c\000h\000i\000e\000r\000s}{chapter.3}% 5
\BOOKMARK [0][-]{chapter.4}{\376\377\000D\000o\000c\000u\000m\000e\000n\000t\000a\000t\000i\000o\000n\000\040\000d\000e\000s\000\040\000e\000s\000p\000a\000c\000e\000s\000\040\000d\000e\000\040\000n\000o\000m\000m\000a\000g\000e}{}% 6
\BOOKMARK [1][-]{section.4.1}{\376\377\000R\000\351\000f\000\351\000r\000e\000n\000c\000e\000\040\000d\000e\000\040\000l\000'\000e\000s\000p\000a\000c\000e\000\040\000d\000e\000\040\000n\000o\000m\000m\000a\000g\000e\000\040\000d\000e\000f\000a\000u\000l\000t}{chapter.4}% 7
\BOOKMARK [2][-]{subsection.4.1.1}{\376\377\000D\000e\000s\000c\000r\000i\000p\000t\000i\000o\000n\000\040\000d\000\351\000t\000a\000i\000l\000l\000\351\000e}{section.4.1}% 8
\BOOKMARK [0][-]{chapter.5}{\376\377\000D\000o\000c\000u\000m\000e\000n\000t\000a\000t\000i\000o\000n\000\040\000d\000e\000s\000\040\000f\000i\000c\000h\000i\000e\000r\000s}{}% 9
\BOOKMARK [1][-]{section.5.1}{\376\377\000R\000\351\000f\000\351\000r\000e\000n\000c\000e\000\040\000d\000u\000\040\000f\000i\000c\000h\000i\000e\000r\000\040\000/\000h\000o\000m\000e\000/\000t\000r\000a\000c\000k\000o\000e\000n\000/\000P\000H\000P\000\137\000P\000R\000O\000J\000E\000C\000T\000/\000G\000S\000B\000\137\000A\000p\000p\000l\000i\000/\000c\000A\000c\000c\000u\000e\000i\000l\000.\000p\000h\000p}{chapter.5}% 10
\BOOKMARK [2][-]{subsection.5.1.1}{\376\377\000D\000o\000c\000u\000m\000e\000n\000t\000a\000t\000i\000o\000n\000\040\000d\000e\000s\000\040\000v\000a\000r\000i\000a\000b\000l\000e\000s}{section.5.1}% 11
\BOOKMARK [3][-]{subsubsection.5.1.1.1}{\376\377\000\044\000r\000e\000p\000I\000n\000c\000l\000u\000d\000e}{subsection.5.1.1}% 12
\BOOKMARK [3][-]{subsubsection.5.1.1.2}{\376\377\000i\000f}{subsection.5.1.1}% 13
\BOOKMARK [1][-]{section.5.2}{\376\377\000R\000\351\000f\000\351\000r\000e\000n\000c\000e\000\040\000d\000u\000\040\000f\000i\000c\000h\000i\000e\000r\000\040\000/\000h\000o\000m\000e\000/\000t\000r\000a\000c\000k\000o\000e\000n\000/\000P\000H\000P\000\137\000P\000R\000O\000J\000E\000C\000T\000/\000G\000S\000B\000\137\000A\000p\000p\000l\000i\000/\000c\000C\000o\000n\000s\000u\000l\000t\000F\000i\000c\000h\000e\000s\000F\000r\000a\000i\000s\000.\000p\000h\000p}{chapter.5}% 14
\BOOKMARK [2][-]{subsection.5.2.1}{\376\377\000D\000o\000c\000u\000m\000e\000n\000t\000a\000t\000i\000o\000n\000\040\000d\000e\000s\000\040\000v\000a\000r\000i\000a\000b\000l\000e\000s}{section.5.2}% 15
\BOOKMARK [3][-]{subsubsection.5.2.1.1}{\376\377\000\044\000e\000t\000a\000p\000e}{subsection.5.2.1}% 16
\BOOKMARK [3][-]{subsubsection.5.2.1.2}{\376\377\000\044\000i\000d\000J\000e\000u\000M\000o\000i\000s}{subsection.5.2.1}% 17
\BOOKMARK [3][-]{subsubsection.5.2.1.3}{\376\377\000\044\000l\000g\000M\000o\000i\000s}{subsection.5.2.1}% 18
\BOOKMARK [3][-]{subsubsection.5.2.1.4}{\376\377\000\044\000m\000o\000i\000s\000S\000a\000i\000s\000i}{subsection.5.2.1}% 19
\BOOKMARK [3][-]{subsubsection.5.2.1.5}{\376\377\000\044\000r\000e\000p\000I\000n\000c\000l\000u\000d\000e}{subsection.5.2.1}% 20
\BOOKMARK [3][-]{subsubsection.5.2.1.6}{\376\377\000\044\000r\000e\000q}{subsection.5.2.1}% 21
\BOOKMARK [3][-]{subsubsection.5.2.1.7}{\376\377\000i\000f}{subsection.5.2.1}% 22
\BOOKMARK [1][-]{section.5.3}{\376\377\000R\000\351\000f\000\351\000r\000e\000n\000c\000e\000\040\000d\000u\000\040\000f\000i\000c\000h\000i\000e\000r\000\040\000/\000h\000o\000m\000e\000/\000t\000r\000a\000c\000k\000o\000e\000n\000/\000P\000H\000P\000\137\000P\000R\000O\000J\000E\000C\000T\000/\000G\000S\000B\000\137\000A\000p\000p\000l\000i\000/\000c\000S\000a\000i\000s\000i\000e\000F\000i\000c\000h\000e\000F\000r\000a\000i\000s\000.\000p\000h\000p}{chapter.5}% 23
\BOOKMARK [2][-]{subsection.5.3.1}{\376\377\000D\000o\000c\000u\000m\000e\000n\000t\000a\000t\000i\000o\000n\000\040\000d\000e\000s\000\040\000v\000a\000r\000i\000a\000b\000l\000e\000s}{section.5.3}% 24
\BOOKMARK [3][-]{subsubsection.5.3.1.1}{\376\377\000\044\000d\000a\000t\000e\000H\000F}{subsection.5.3.1}% 25
\BOOKMARK [3][-]{subsubsection.5.3.1.2}{\376\377\000\044\000e\000t\000a\000p\000e}{subsection.5.3.1}% 26
\BOOKMARK [3][-]{subsubsection.5.3.1.3}{\376\377\000\044\000e\000x\000i\000s\000t\000e\000F\000i\000c\000h\000e\000F\000r\000a\000i\000s}{subsection.5.3.1}% 27
\BOOKMARK [3][-]{subsubsection.5.3.1.4}{\376\377\000\044\000i\000d\000J\000e\000u\000E\000l\000t\000s\000F\000r\000a\000i\000s\000F\000o\000r\000f\000a\000i\000t}{subsection.5.3.1}% 28
\BOOKMARK [3][-]{subsubsection.5.3.1.5}{\376\377\000\044\000i\000d\000J\000e\000u\000E\000l\000t\000s\000H\000o\000r\000s\000F\000o\000r\000f\000a\000i\000t}{subsection.5.3.1}% 29
\BOOKMARK [3][-]{subsubsection.5.3.1.6}{\376\377\000\044\000i\000d\000L\000i\000g\000n\000e\000H\000F}{subsection.5.3.1}% 30
\BOOKMARK [3][-]{subsubsection.5.3.1.7}{\376\377\000\044\000l\000g\000E\000l\000t\000F\000o\000r\000f\000a\000i\000t}{subsection.5.3.1}% 31
\BOOKMARK [3][-]{subsubsection.5.3.1.8}{\376\377\000\044\000l\000g\000E\000l\000t\000H\000o\000r\000s\000F\000o\000r\000f\000a\000i\000t}{subsection.5.3.1}% 32
\BOOKMARK [3][-]{subsubsection.5.3.1.9}{\376\377\000\044\000l\000i\000b\000e\000l\000l\000e\000H\000F}{subsection.5.3.1}% 33
\BOOKMARK [3][-]{subsubsection.5.3.1.10}{\376\377\000\044\000m\000o\000i\000s}{subsection.5.3.1}% 34
\BOOKMARK [3][-]{subsubsection.5.3.1.11}{\376\377\000\044\000m\000o\000n\000t\000a\000n\000t\000H\000F}{subsection.5.3.1}% 35
\BOOKMARK [3][-]{subsubsection.5.3.1.12}{\376\377\000\044\000r\000e\000p\000I\000n\000c\000l\000u\000d\000e}{subsection.5.3.1}% 36
\BOOKMARK [3][-]{subsubsection.5.3.1.13}{\376\377\000\044\000r\000e\000q}{subsection.5.3.1}% 37
\BOOKMARK [3][-]{subsubsection.5.3.1.14}{\376\377\000\044\000t\000a\000b\000Q\000t\000e\000E\000l\000t\000s\000F\000o\000r\000f\000a\000i\000t}{subsection.5.3.1}% 38
\BOOKMARK [3][-]{subsubsection.5.3.1.15}{\376\377\000i\000f}{subsection.5.3.1}% 39
\BOOKMARK [1][-]{section.5.4}{\376\377\000R\000\351\000f\000\351\000r\000e\000n\000c\000e\000\040\000d\000u\000\040\000f\000i\000c\000h\000i\000e\000r\000\040\000/\000h\000o\000m\000e\000/\000t\000r\000a\000c\000k\000o\000e\000n\000/\000P\000H\000P\000\137\000P\000R\000O\000J\000E\000C\000T\000/\000G\000S\000B\000\137\000A\000p\000p\000l\000i\000/\000c\000S\000e\000C\000o\000n\000n\000e\000c\000t\000e\000r\000.\000p\000h\000p}{chapter.5}% 40
\BOOKMARK [2][-]{subsection.5.4.1}{\376\377\000D\000o\000c\000u\000m\000e\000n\000t\000a\000t\000i\000o\000n\000\040\000d\000e\000s\000\040\000v\000a\000r\000i\000a\000b\000l\000e\000s}{section.5.4}% 41
\BOOKMARK [3][-]{subsubsection.5.4.1.1}{\376\377\000\044\000e\000t\000a\000p\000e}{subsection.5.4.1}% 42
\BOOKMARK [3][-]{subsubsection.5.4.1.2}{\376\377\000\044\000r\000e\000p\000I\000n\000c\000l\000u\000d\000e}{subsection.5.4.1}% 43
\BOOKMARK [3][-]{subsubsection.5.4.1.3}{\376\377\000i\000f}{subsection.5.4.1}% 44
\BOOKMARK [1][-]{section.5.5}{\376\377\000R\000\351\000f\000\351\000r\000e\000n\000c\000e\000\040\000d\000u\000\040\000f\000i\000c\000h\000i\000e\000r\000\040\000/\000h\000o\000m\000e\000/\000t\000r\000a\000c\000k\000o\000e\000n\000/\000P\000H\000P\000\137\000P\000R\000O\000J\000E\000C\000T\000/\000G\000S\000B\000\137\000A\000p\000p\000l\000i\000/\000c\000S\000e\000D\000e\000c\000o\000n\000n\000e\000c\000t\000e\000r\000.\000p\000h\000p}{chapter.5}% 45
\BOOKMARK [2][-]{subsection.5.5.1}{\376\377\000D\000o\000c\000u\000m\000e\000n\000t\000a\000t\000i\000o\000n\000\040\000d\000e\000s\000\040\000v\000a\000r\000i\000a\000b\000l\000e\000s}{section.5.5}% 46
\BOOKMARK [3][-]{subsubsection.5.5.1.1}{\376\377\000\044\000r\000e\000p\000I\000n\000c\000l\000u\000d\000e}{subsection.5.5.1}% 47
\BOOKMARK [1][-]{section.5.6}{\376\377\000R\000\351\000f\000\351\000r\000e\000n\000c\000e\000\040\000d\000u\000\040\000f\000i\000c\000h\000i\000e\000r\000\040\000/\000h\000o\000m\000e\000/\000t\000r\000a\000c\000k\000o\000e\000n\000/\000P\000H\000P\000\137\000P\000R\000O\000J\000E\000C\000T\000/\000G\000S\000B\000\137\000A\000p\000p\000l\000i\000/\000i\000n\000c\000l\000u\000d\000e\000/\000\137\000b\000d\000G\000e\000s\000t\000i\000o\000n\000D\000o\000n\000n\000e\000e\000s\000.\000l\000i\000b\000.\000p\000h\000p}{chapter.5}% 48
\BOOKMARK [2][-]{subsection.5.6.1}{\376\377\000D\000o\000c\000u\000m\000e\000n\000t\000a\000t\000i\000o\000n\000\040\000d\000e\000s\000\040\000f\000o\000n\000c\000t\000i\000o\000n\000s}{section.5.6}% 49
\BOOKMARK [3][-]{subsubsection.5.6.1.1}{\376\377\000a\000c\000t\000i\000v\000e\000r\000B\000D}{subsection.5.6.1}% 50
\BOOKMARK [3][-]{subsubsection.5.6.1.2}{\376\377\000a\000j\000o\000u\000t\000e\000r\000F\000i\000c\000h\000e\000F\000r\000a\000i\000s}{subsection.5.6.1}% 51
\BOOKMARK [3][-]{subsubsection.5.6.1.3}{\376\377\000a\000j\000o\000u\000t\000e\000r\000L\000i\000g\000n\000e\000H\000F}{subsection.5.6.1}% 52
\BOOKMARK [3][-]{subsubsection.5.6.1.4}{\376\377\000c\000o\000n\000n\000e\000c\000t\000e\000r\000S\000e\000r\000v\000e\000u\000r\000B\000D}{subsection.5.6.1}% 53
\BOOKMARK [3][-]{subsubsection.5.6.1.5}{\376\377\000d\000e\000c\000o\000n\000n\000e\000c\000t\000e\000r\000S\000e\000r\000v\000e\000u\000r\000B\000D}{subsection.5.6.1}% 54
\BOOKMARK [3][-]{subsubsection.5.6.1.6}{\376\377\000e\000x\000i\000s\000t\000e\000F\000i\000c\000h\000e\000F\000r\000a\000i\000s}{subsection.5.6.1}% 55
\BOOKMARK [3][-]{subsubsection.5.6.1.7}{\376\377\000f\000i\000l\000t\000r\000e\000r\000C\000h\000a\000i\000n\000e\000P\000o\000u\000r\000B\000D}{subsection.5.6.1}% 56
\BOOKMARK [3][-]{subsubsection.5.6.1.8}{\376\377\000m\000o\000d\000i\000f\000i\000e\000r\000E\000l\000t\000s\000F\000o\000r\000f\000a\000i\000t}{subsection.5.6.1}% 57
\BOOKMARK [3][-]{subsubsection.5.6.1.9}{\376\377\000m\000o\000d\000i\000f\000i\000e\000r\000E\000t\000a\000t\000F\000i\000c\000h\000e\000F\000r\000a\000i\000s}{subsection.5.6.1}% 58
\BOOKMARK [3][-]{subsubsection.5.6.1.10}{\376\377\000o\000b\000t\000e\000n\000i\000r\000D\000e\000r\000n\000i\000e\000r\000M\000o\000i\000s\000S\000a\000i\000s\000i}{subsection.5.6.1}% 59
\BOOKMARK [3][-]{subsubsection.5.6.1.11}{\376\377\000o\000b\000t\000e\000n\000i\000r\000D\000e\000t\000a\000i\000l\000F\000i\000c\000h\000e\000F\000r\000a\000i\000s}{subsection.5.6.1}% 60
\BOOKMARK [3][-]{subsubsection.5.6.1.12}{\376\377\000o\000b\000t\000e\000n\000i\000r\000D\000e\000t\000a\000i\000l\000V\000i\000s\000i\000t\000e\000u\000r}{subsection.5.6.1}% 61
\BOOKMARK [3][-]{subsubsection.5.6.1.13}{\376\377\000o\000b\000t\000e\000n\000i\000r\000R\000e\000q\000E\000l\000t\000s\000F\000o\000r\000f\000a\000i\000t\000F\000i\000c\000h\000e\000F\000r\000a\000i\000s}{subsection.5.6.1}% 62
\BOOKMARK [3][-]{subsubsection.5.6.1.14}{\376\377\000o\000b\000t\000e\000n\000i\000r\000R\000e\000q\000E\000l\000t\000s\000H\000o\000r\000s\000F\000o\000r\000f\000a\000i\000t\000F\000i\000c\000h\000e\000F\000r\000a\000i\000s}{subsection.5.6.1}% 63
\BOOKMARK [3][-]{subsubsection.5.6.1.15}{\376\377\000o\000b\000t\000e\000n\000i\000r\000R\000e\000q\000M\000o\000i\000s\000F\000i\000c\000h\000e\000F\000r\000a\000i\000s}{subsection.5.6.1}% 64
\BOOKMARK [3][-]{subsubsection.5.6.1.16}{\376\377\000s\000u\000p\000p\000r\000i\000m\000e\000r\000L\000i\000g\000n\000e\000H\000F}{subsection.5.6.1}% 65
\BOOKMARK [3][-]{subsubsection.5.6.1.17}{\376\377\000v\000e\000r\000i\000f\000i\000e\000r\000I\000n\000f\000o\000s\000C\000o\000n\000n\000e\000x\000i\000o\000n}{subsection.5.6.1}% 66
\BOOKMARK [1][-]{section.5.7}{\376\377\000R\000\351\000f\000\351\000r\000e\000n\000c\000e\000\040\000d\000u\000\040\000f\000i\000c\000h\000i\000e\000r\000\040\000/\000h\000o\000m\000e\000/\000t\000r\000a\000c\000k\000o\000e\000n\000/\000P\000H\000P\000\137\000P\000R\000O\000J\000E\000C\000T\000/\000G\000S\000B\000\137\000A\000p\000p\000l\000i\000/\000i\000n\000c\000l\000u\000d\000e\000/\000\137\000f\000i\000n\000.\000i\000n\000c\000.\000p\000h\000p}{chapter.5}% 67
\BOOKMARK [1][-]{section.5.8}{\376\377\000R\000\351\000f\000\351\000r\000e\000n\000c\000e\000\040\000d\000u\000\040\000f\000i\000c\000h\000i\000e\000r\000\040\000/\000h\000o\000m\000e\000/\000t\000r\000a\000c\000k\000o\000e\000n\000/\000P\000H\000P\000\137\000P\000R\000O\000J\000E\000C\000T\000/\000G\000S\000B\000\137\000A\000p\000p\000l\000i\000/\000i\000n\000c\000l\000u\000d\000e\000/\000\137\000g\000e\000s\000t\000i\000o\000n\000S\000e\000s\000s\000i\000o\000n\000.\000l\000i\000b\000.\000p\000h\000p}{chapter.5}% 68
\BOOKMARK [2][-]{subsection.5.8.1}{\376\377\000D\000o\000c\000u\000m\000e\000n\000t\000a\000t\000i\000o\000n\000\040\000d\000e\000s\000\040\000f\000o\000n\000c\000t\000i\000o\000n\000s}{section.5.8}% 69
\BOOKMARK [3][-]{subsubsection.5.8.1.1}{\376\377\000a\000f\000f\000e\000c\000t\000e\000r\000I\000n\000f\000o\000s\000C\000o\000n\000n\000e\000c\000t\000e}{subsection.5.8.1}% 70
\BOOKMARK [3][-]{subsubsection.5.8.1.2}{\376\377\000d\000e\000c\000o\000n\000n\000e\000c\000t\000e\000r\000V\000i\000s\000i\000t\000e\000u\000r}{subsection.5.8.1}% 71
\BOOKMARK [3][-]{subsubsection.5.8.1.3}{\376\377\000e\000s\000t\000V\000i\000s\000i\000t\000e\000u\000r\000C\000o\000n\000n\000e\000c\000t\000e}{subsection.5.8.1}% 72
\BOOKMARK [3][-]{subsubsection.5.8.1.4}{\376\377\000i\000n\000i\000t\000S\000e\000s\000s\000i\000o\000n}{subsection.5.8.1}% 73
\BOOKMARK [3][-]{subsubsection.5.8.1.5}{\376\377\000o\000b\000t\000e\000n\000i\000r\000I\000d\000U\000s\000e\000r\000C\000o\000n\000n\000e\000c\000t\000e}{subsection.5.8.1}% 74
\BOOKMARK [1][-]{section.5.9}{\376\377\000R\000\351\000f\000\351\000r\000e\000n\000c\000e\000\040\000d\000u\000\040\000f\000i\000c\000h\000i\000e\000r\000\040\000/\000h\000o\000m\000e\000/\000t\000r\000a\000c\000k\000o\000e\000n\000/\000P\000H\000P\000\137\000P\000R\000O\000J\000E\000C\000T\000/\000G\000S\000B\000\137\000A\000p\000p\000l\000i\000/\000i\000n\000c\000l\000u\000d\000e\000/\000\137\000i\000n\000i\000t\000.\000i\000n\000c\000.\000p\000h\000p}{chapter.5}% 75
\BOOKMARK [2][-]{subsection.5.9.1}{\376\377\000D\000o\000c\000u\000m\000e\000n\000t\000a\000t\000i\000o\000n\000\040\000d\000e\000s\000\040\000v\000a\000r\000i\000a\000b\000l\000e\000s}{section.5.9}% 76
\BOOKMARK [3][-]{subsubsection.5.9.1.1}{\376\377\000\044\000d\000e\000m\000a\000n\000d\000e\000D\000e\000c\000o\000n\000n\000e\000x\000i\000o\000n}{subsection.5.9.1}% 77
\BOOKMARK [3][-]{subsubsection.5.9.1.2}{\376\377\000\044\000i\000d\000C\000o\000n\000n\000e\000x\000i\000o\000n}{subsection.5.9.1}% 78
\BOOKMARK [3][-]{subsubsection.5.9.1.3}{\376\377\000\044\000t\000a\000b\000E\000r\000r\000e\000u\000r\000s}{subsection.5.9.1}% 79
\BOOKMARK [1][-]{section.5.10}{\376\377\000R\000\351\000f\000\351\000r\000e\000n\000c\000e\000\040\000d\000u\000\040\000f\000i\000c\000h\000i\000e\000r\000\040\000/\000h\000o\000m\000e\000/\000t\000r\000a\000c\000k\000o\000e\000n\000/\000P\000H\000P\000\137\000P\000R\000O\000J\000E\000C\000T\000/\000G\000S\000B\000\137\000A\000p\000p\000l\000i\000/\000i\000n\000c\000l\000u\000d\000e\000/\000\137\000s\000o\000m\000m\000a\000i\000r\000e\000.\000i\000n\000c\000.\000p\000h\000p}{chapter.5}% 80
\BOOKMARK [1][-]{section.5.11}{\376\377\000R\000\351\000f\000\351\000r\000e\000n\000c\000e\000\040\000d\000u\000\040\000f\000i\000c\000h\000i\000e\000r\000\040\000/\000h\000o\000m\000e\000/\000t\000r\000a\000c\000k\000o\000e\000n\000/\000P\000H\000P\000\137\000P\000R\000O\000J\000E\000C\000T\000/\000G\000S\000B\000\137\000A\000p\000p\000l\000i\000/\000i\000n\000c\000l\000u\000d\000e\000/\000\137\000u\000t\000i\000l\000i\000t\000a\000i\000r\000e\000s\000E\000t\000G\000e\000s\000t\000i\000o\000n\000E\000r\000r\000e\000u\000r\000s\000.\000l\000i\000b\000.\000p\000h\000p}{chapter.5}% 81
\BOOKMARK [2][-]{subsection.5.11.1}{\376\377\000D\000o\000c\000u\000m\000e\000n\000t\000a\000t\000i\000o\000n\000\040\000d\000e\000s\000\040\000f\000o\000n\000c\000t\000i\000o\000n\000s}{section.5.11}% 82
\BOOKMARK [3][-]{subsubsection.5.11.1.1}{\376\377\000a\000j\000o\000u\000t\000e\000r\000E\000r\000r\000e\000u\000r}{subsection.5.11.1}% 83
\BOOKMARK [3][-]{subsubsection.5.11.1.2}{\376\377\000c\000o\000n\000v\000e\000r\000t\000i\000r\000D\000a\000t\000e\000A\000n\000g\000l\000a\000i\000s\000V\000e\000r\000s\000F\000r\000a\000n\000c\000a\000i\000s}{subsection.5.11.1}% 84
\BOOKMARK [3][-]{subsubsection.5.11.1.3}{\376\377\000c\000o\000n\000v\000e\000r\000t\000i\000r\000D\000a\000t\000e\000F\000r\000a\000n\000c\000a\000i\000s\000V\000e\000r\000s\000A\000n\000g\000l\000a\000i\000s}{subsection.5.11.1}% 85
\BOOKMARK [3][-]{subsubsection.5.11.1.4}{\376\377\000e\000s\000t\000D\000a\000n\000s\000A\000n\000n\000e\000e\000E\000c\000o\000u\000l\000e\000e}{subsection.5.11.1}% 86
\BOOKMARK [3][-]{subsubsection.5.11.1.5}{\376\377\000e\000s\000t\000D\000a\000t\000e}{subsection.5.11.1}% 87
\BOOKMARK [3][-]{subsubsection.5.11.1.6}{\376\377\000e\000s\000t\000E\000n\000t\000i\000e\000r\000P\000o\000s\000i\000t\000i\000f}{subsection.5.11.1}% 88
\BOOKMARK [3][-]{subsubsection.5.11.1.7}{\376\377\000f\000i\000l\000t\000r\000e\000r\000C\000h\000a\000i\000n\000e\000P\000o\000u\000r\000N\000a\000v\000i\000g}{subsection.5.11.1}% 89
\BOOKMARK [3][-]{subsubsection.5.11.1.8}{\376\377\000l\000i\000r\000e\000D\000o\000n\000n\000e\000e}{subsection.5.11.1}% 90
\BOOKMARK [3][-]{subsubsection.5.11.1.9}{\376\377\000l\000i\000r\000e\000D\000o\000n\000n\000e\000e\000P\000o\000s\000t}{subsection.5.11.1}% 91
\BOOKMARK [3][-]{subsubsection.5.11.1.10}{\376\377\000l\000i\000r\000e\000D\000o\000n\000n\000e\000e\000U\000r\000l}{subsection.5.11.1}% 92
\BOOKMARK [3][-]{subsubsection.5.11.1.11}{\376\377\000n\000b\000E\000r\000r\000e\000u\000r\000s}{subsection.5.11.1}% 93
\BOOKMARK [3][-]{subsubsection.5.11.1.12}{\376\377\000o\000b\000t\000e\000n\000i\000r\000L\000i\000b\000e\000l\000l\000e\000M\000o\000i\000s}{subsection.5.11.1}% 94
\BOOKMARK [3][-]{subsubsection.5.11.1.13}{\376\377\000t\000o\000S\000t\000r\000i\000n\000g\000E\000r\000r\000e\000u\000r\000s}{subsection.5.11.1}% 95
\BOOKMARK [3][-]{subsubsection.5.11.1.14}{\376\377\000v\000e\000r\000i\000f\000i\000e\000r\000E\000n\000t\000i\000e\000r\000s\000P\000o\000s\000i\000t\000i\000f\000s}{subsection.5.11.1}% 96
\BOOKMARK [3][-]{subsubsection.5.11.1.15}{\376\377\000v\000e\000r\000i\000f\000i\000e\000r\000L\000i\000g\000n\000e\000F\000r\000a\000i\000s\000H\000F}{subsection.5.11.1}% 97
\BOOKMARK [1][-]{section.5.12}{\376\377\000R\000\351\000f\000\351\000r\000e\000n\000c\000e\000\040\000d\000u\000\040\000f\000i\000c\000h\000i\000e\000r\000\040\000/\000h\000o\000m\000e\000/\000t\000r\000a\000c\000k\000o\000e\000n\000/\000P\000H\000P\000\137\000P\000R\000O\000J\000E\000C\000T\000/\000G\000S\000B\000\137\000A\000p\000p\000l\000i\000/\000i\000n\000c\000l\000u\000d\000e\000/\000f\000c\000t\000.\000i\000n\000c\000.\000p\000h\000p}{chapter.5}% 98
\BOOKMARK [2][-]{subsection.5.12.1}{\376\377\000D\000o\000c\000u\000m\000e\000n\000t\000a\000t\000i\000o\000n\000\040\000d\000e\000s\000\040\000f\000o\000n\000c\000t\000i\000o\000n\000s}{section.5.12}% 99
\BOOKMARK [3][-]{subsubsection.5.12.1.1}{\376\377\000c\000r\000e\000a\000t\000i\000o\000n\000F\000i\000c\000h\000e\000s\000F\000r\000a\000i\000s}{subsection.5.12.1}% 100
\BOOKMARK [3][-]{subsubsection.5.12.1.2}{\376\377\000c\000r\000e\000a\000t\000i\000o\000n\000F\000r\000a\000i\000s\000F\000o\000r\000f\000a\000i\000t}{subsection.5.12.1}% 101
\BOOKMARK [3][-]{subsubsection.5.12.1.3}{\376\377\000c\000r\000e\000a\000t\000i\000o\000n\000F\000r\000a\000i\000s\000H\000o\000r\000s\000F\000o\000r\000f\000a\000i\000t}{subsection.5.12.1}% 102
\BOOKMARK [3][-]{subsubsection.5.12.1.4}{\376\377\000g\000e\000t\000D\000e\000r\000n\000i\000e\000r\000M\000o\000i\000s}{subsection.5.12.1}% 103
\BOOKMARK [3][-]{subsubsection.5.12.1.5}{\376\377\000g\000e\000t\000D\000e\000s\000F\000r\000a\000i\000s\000H\000o\000r\000s\000F\000o\000r\000f\000a\000i\000t}{subsection.5.12.1}% 104
\BOOKMARK [3][-]{subsubsection.5.12.1.6}{\376\377\000g\000e\000t\000L\000e\000s\000F\000i\000c\000h\000e\000s\000F\000r\000a\000i\000s}{subsection.5.12.1}% 105
\BOOKMARK [3][-]{subsubsection.5.12.1.7}{\376\377\000g\000e\000t\000L\000e\000s\000I\000d\000F\000r\000a\000i\000s\000F\000o\000r\000f\000a\000i\000t}{subsection.5.12.1}% 106
\BOOKMARK [3][-]{subsubsection.5.12.1.8}{\376\377\000g\000e\000t\000L\000e\000s\000V\000i\000s\000i\000t\000e\000u\000r\000s}{subsection.5.12.1}% 107
\BOOKMARK [3][-]{subsubsection.5.12.1.9}{\376\377\000g\000e\000t\000M\000o\000i\000s}{subsection.5.12.1}% 108
\BOOKMARK [3][-]{subsubsection.5.12.1.10}{\376\377\000g\000e\000t\000M\000o\000i\000s\000P\000r\000e\000c\000e\000d\000e\000n\000t}{subsection.5.12.1}% 109
\BOOKMARK [3][-]{subsubsection.5.12.1.11}{\376\377\000g\000e\000t\000M\000o\000i\000s\000S\000u\000i\000v\000a\000n\000t}{subsection.5.12.1}% 110
\BOOKMARK [3][-]{subsubsection.5.12.1.12}{\376\377\000m\000a\000j\000F\000i\000c\000h\000e\000F\000r\000a\000i\000s}{subsection.5.12.1}% 111
\BOOKMARK [3][-]{subsubsection.5.12.1.13}{\376\377\000u\000p\000d\000a\000t\000e\000M\000d\000p\000V\000i\000s\000i\000t\000e\000u\000r}{subsection.5.12.1}% 112
\BOOKMARK [1][-]{section.5.13}{\376\377\000R\000\351\000f\000\351\000r\000e\000n\000c\000e\000\040\000d\000u\000\040\000f\000i\000c\000h\000i\000e\000r\000\040\000/\000h\000o\000m\000e\000/\000t\000r\000a\000c\000k\000o\000e\000n\000/\000P\000H\000P\000\137\000P\000R\000O\000J\000E\000C\000T\000/\000G\000S\000B\000\137\000A\000p\000p\000l\000i\000/\000m\000a\000j\000G\000S\000B\000\137\000m\000a\000i\000n\000.\000p\000h\000p}{chapter.5}% 113
\BOOKMARK [2][-]{subsection.5.13.1}{\376\377\000D\000o\000c\000u\000m\000e\000n\000t\000a\000t\000i\000o\000n\000\040\000d\000e\000s\000\040\000v\000a\000r\000i\000a\000b\000l\000e\000s}{section.5.13}% 114
\BOOKMARK [3][-]{subsubsection.5.13.1.1}{\376\377\000\044\000b\000d\000d}{subsection.5.13.1}% 115
\BOOKMARK [3][-]{subsubsection.5.13.1.2}{\376\377\000\044\000m\000d\000p}{subsection.5.13.1}% 116
\BOOKMARK [3][-]{subsubsection.5.13.1.3}{\376\377\000\044\000s\000e\000r\000v\000e\000u\000r}{subsection.5.13.1}% 117
\BOOKMARK [3][-]{subsubsection.5.13.1.4}{\376\377\000\044\000u\000s\000e\000r}{subsection.5.13.1}% 118
